<?xml version="1.0" encoding="UTF-8"?>
<coverage generated="1561111615621" clover="3.2.0">
  <project timestamp="1561111615622" name="All files">
    <metrics statements="24" coveredstatements="21" conditionals="5" coveredconditionals="1" methods="15" coveredmethods="9" elements="44" coveredelements="31" complexity="0" loc="24" ncloc="24" packages="1" files="1" classes="1"/>
    <file name="is.ts" path="/coocss/mpa-typescript/src/utils/is.ts">
      <metrics statements="24" coveredstatements="21" conditionals="5" coveredconditionals="1" methods="15" coveredmethods="9"/>
      <line num="16" count="1" type="stmt"/>
      <line num="17" count="1" type="stmt"/>
      <line num="18" count="1" type="stmt"/>
      <line num="20" count="1" type="stmt"/>
      <line num="21" count="1" type="stmt"/>
      <line num="22" count="1" type="stmt"/>
      <line num="25" count="0" type="cond" truecount="0" falsecount="2"/>
      <line num="26" count="0" type="stmt"/>
      <line num="27" count="0" type="stmt"/>
      <line num="30" count="1" type="stmt"/>
      <line num="31" count="1" type="stmt"/>
      <line num="32" count="1" type="stmt"/>
      <line num="35" count="1" type="stmt"/>
      <line num="36" count="1" type="stmt"/>
      <line num="37" count="1" type="stmt"/>
      <line num="40" count="1" type="stmt"/>
      <line num="41" count="1" type="stmt"/>
      <line num="42" count="1" type="stmt"/>
      <line num="45" count="1" type="stmt"/>
      <line num="46" count="1" type="stmt"/>
      <line num="47" count="1" type="stmt"/>
      <line num="50" count="1" type="cond" truecount="1" falsecount="2"/>
      <line num="51" count="1" type="stmt"/>
      <line num="52" count="1" type="stmt"/>
    </file>
  </project>
</coverage>
