{"/coocss/mpa-typescript/src/utils/is.ts": {"path":"/coocss/mpa-typescript/src/utils/is.ts","statementMap":{"0":{"start":{"line":16,"column":0},"end":{"line":55,"column":5}},"1":{"start":{"line":17,"column":23},"end":{"line":17,"column":56}},"2":{"start":{"line":18,"column":4},"end":{"line":54,"column":6}},"3":{"start":{"line":20,"column":27},"end":{"line":20,"column":51}},"4":{"start":{"line":21,"column":12},"end":{"line":21,"column":40}},"5":{"start":{"line":21,"column":33},"end":{"line":21,"column":39}},"6":{"start":{"line":22,"column":12},"end":{"line":22,"column":26}},"7":{"start":{"line":25,"column":27},"end":{"line":25,"column":90}},"8":{"start":{"line":26,"column":12},"end":{"line":26,"column":41}},"9":{"start":{"line":26,"column":34},"end":{"line":26,"column":40}},"10":{"start":{"line":27,"column":12},"end":{"line":27,"column":26}},"11":{"start":{"line":30,"column":27},"end":{"line":30,"column":52}},"12":{"start":{"line":31,"column":12},"end":{"line":31,"column":37}},"13":{"start":{"line":31,"column":30},"end":{"line":31,"column":36}},"14":{"start":{"line":32,"column":12},"end":{"line":32,"column":26}},"15":{"start":{"line":35,"column":27},"end":{"line":35,"column":55}},"16":{"start":{"line":36,"column":12},"end":{"line":36,"column":40}},"17":{"start":{"line":36,"column":33},"end":{"line":36,"column":39}},"18":{"start":{"line":37,"column":12},"end":{"line":37,"column":26}},"19":{"start":{"line":40,"column":27},"end":{"line":40,"column":53}},"20":{"start":{"line":41,"column":12},"end":{"line":41,"column":42}},"21":{"start":{"line":41,"column":35},"end":{"line":41,"column":41}},"22":{"start":{"line":42,"column":12},"end":{"line":42,"column":26}},"23":{"start":{"line":45,"column":27},"end":{"line":45,"column":62}},"24":{"start":{"line":46,"column":12},"end":{"line":46,"column":38}},"25":{"start":{"line":46,"column":31},"end":{"line":46,"column":37}},"26":{"start":{"line":47,"column":12},"end":{"line":47,"column":26}},"27":{"start":{"line":50,"column":27},"end":{"line":50,"column":102}},"28":{"start":{"line":51,"column":12},"end":{"line":51,"column":42}},"29":{"start":{"line":51,"column":35},"end":{"line":51,"column":41}},"30":{"start":{"line":52,"column":12},"end":{"line":52,"column":26}}},"fnMap":{"0":{"name":"(anonymous_0)","decl":{"start":{"line":16,"column":16},"end":{"line":16,"column":23}},"loc":{"start":{"line":16,"column":25},"end":{"line":55,"column":1}}},"1":{"name":"(anonymous_1)","decl":{"start":{"line":19,"column":8},"end":{"line":19,"column":15}},"loc":{"start":{"line":19,"column":15},"end":{"line":23,"column":9}}},"2":{"name":"(anonymous_2)","decl":{"start":{"line":21,"column":27},"end":{"line":21,"column":30}},"loc":{"start":{"line":21,"column":33},"end":{"line":21,"column":39}}},"3":{"name":"(anonymous_3)","decl":{"start":{"line":24,"column":8},"end":{"line":24,"column":16}},"loc":{"start":{"line":24,"column":16},"end":{"line":28,"column":9}}},"4":{"name":"(anonymous_4)","decl":{"start":{"line":26,"column":28},"end":{"line":26,"column":31}},"loc":{"start":{"line":26,"column":34},"end":{"line":26,"column":40}}},"5":{"name":"(anonymous_5)","decl":{"start":{"line":29,"column":8},"end":{"line":29,"column":12}},"loc":{"start":{"line":29,"column":12},"end":{"line":33,"column":9}}},"6":{"name":"(anonymous_6)","decl":{"start":{"line":31,"column":24},"end":{"line":31,"column":27}},"loc":{"start":{"line":31,"column":30},"end":{"line":31,"column":36}}},"7":{"name":"(anonymous_7)","decl":{"start":{"line":34,"column":8},"end":{"line":34,"column":15}},"loc":{"start":{"line":34,"column":15},"end":{"line":38,"column":9}}},"8":{"name":"(anonymous_8)","decl":{"start":{"line":36,"column":27},"end":{"line":36,"column":30}},"loc":{"start":{"line":36,"column":33},"end":{"line":36,"column":39}}},"9":{"name":"(anonymous_9)","decl":{"start":{"line":39,"column":8},"end":{"line":39,"column":17}},"loc":{"start":{"line":39,"column":17},"end":{"line":43,"column":9}}},"10":{"name":"(anonymous_10)","decl":{"start":{"line":41,"column":29},"end":{"line":41,"column":32}},"loc":{"start":{"line":41,"column":35},"end":{"line":41,"column":41}}},"11":{"name":"(anonymous_11)","decl":{"start":{"line":44,"column":8},"end":{"line":44,"column":13}},"loc":{"start":{"line":44,"column":13},"end":{"line":48,"column":9}}},"12":{"name":"(anonymous_12)","decl":{"start":{"line":46,"column":25},"end":{"line":46,"column":28}},"loc":{"start":{"line":46,"column":31},"end":{"line":46,"column":37}}},"13":{"name":"(anonymous_13)","decl":{"start":{"line":49,"column":8},"end":{"line":49,"column":17}},"loc":{"start":{"line":49,"column":17},"end":{"line":53,"column":9}}},"14":{"name":"(anonymous_14)","decl":{"start":{"line":51,"column":29},"end":{"line":51,"column":32}},"loc":{"start":{"line":51,"column":35},"end":{"line":51,"column":41}}}},"branchMap":{"0":{"loc":{"start":{"line":25,"column":27},"end":{"line":25,"column":60}},"type":"binary-expr","locations":[{"start":{"line":25,"column":27},"end":{"line":25,"column":60}},{"start":{"line":25,"column":64},"end":{"line":25,"column":90}}]},"1":{"loc":{"start":{"line":50,"column":27},"end":{"line":50,"column":39}},"type":"binary-expr","locations":[{"start":{"line":50,"column":27},"end":{"line":50,"column":39}},{"start":{"line":50,"column":43},"end":{"line":50,"column":70}},{"start":{"line":50,"column":74},"end":{"line":50,"column":102}}]}},"s":{"0":1,"1":1,"2":1,"3":1,"4":1,"5":1,"6":1,"7":0,"8":0,"9":0,"10":0,"11":1,"12":1,"13":0,"14":1,"15":1,"16":1,"17":0,"18":1,"19":1,"20":1,"21":0,"22":1,"23":1,"24":1,"25":1,"26":1,"27":1,"28":1,"29":0,"30":1},"f":{"0":1,"1":1,"2":1,"3":0,"4":0,"5":1,"6":0,"7":1,"8":0,"9":1,"10":0,"11":1,"12":1,"13":1,"14":0},"b":{"0":[0,0],"1":[1,0,0]}}
}
